... logging to /home/pedro/.ros/log/rostest-noetic-965716.log
[ROSUNIT] Outputting test results to /home/pedro/.ros/test_results/fcsmap_fcs_suite/rostest-launch_fcsmap-3400-3499.xml
[Testcase: testt3400] ... FAILURE!
FAILURE: Package [fcsmap_fcs_suite_t3400] for test node [fcsmap_fcs_suite_t3400/node] does not exist
  File "/usr/lib/python3.8/unittest/case.py", line 60, in testPartExecutor
    yield
  File "/usr/lib/python3.8/unittest/case.py", line 676, in run
    self._callTestMethod(testMethod)
  File "/usr/lib/python3.8/unittest/case.py", line 633, in _callTestMethod
    method()
  File "/opt/ros/noetic/lib/python3/dist-packages/rostest/runner.py", line 93, in fn
    self.fail(message)
  File "/usr/lib/python3.8/unittest/case.py", line 753, in fail
    raise self.failureException(msg)
--------------------------------------------------------------------------------
[Testcase: testt3401] ... FAILURE!
FAILURE: Package [fcsmap_fcs_suite_t3401] for test node [fcsmap_fcs_suite_t3401/node] does not exist
  File "/usr/lib/python3.8/unittest/case.py", line 60, in testPartExecutor
    yield
  File "/usr/lib/python3.8/unittest/case.py", line 676, in run
    self._callTestMethod(testMethod)
  File "/usr/lib/python3.8/unittest/case.py", line 633, in _callTestMethod
    method()
  File "/opt/ros/noetic/lib/python3/dist-packages/rostest/runner.py", line 93, in fn
    self.fail(message)
  File "/usr/lib/python3.8/unittest/case.py", line 753, in fail
    raise self.failureException(msg)
--------------------------------------------------------------------------------
[Testcase: testt3402] ... FAILURE!
FAILURE: Package [fcsmap_fcs_suite_t3402] for test node [fcsmap_fcs_suite_t3402/node] does not exist
  File "/usr/lib/python3.8/unittest/case.py", line 60, in testPartExecutor
    yield
  File "/usr/lib/python3.8/unittest/case.py", line 676, in run
    self._callTestMethod(testMethod)
  File "/usr/lib/python3.8/unittest/case.py", line 633, in _callTestMethod
    method()
  File "/opt/ros/noetic/lib/python3/dist-packages/rostest/runner.py", line 93, in fn
    self.fail(message)
  File "/usr/lib/python3.8/unittest/case.py", line 753, in fail
    raise self.failureException(msg)
--------------------------------------------------------------------------------
[Testcase: testt3403] ... FAILURE!
FAILURE: Package [fcsmap_fcs_suite_t3403] for test node [fcsmap_fcs_suite_t3403/node] does not exist
  File "/usr/lib/python3.8/unittest/case.py", line 60, in testPartExecutor
    yield
  File "/usr/lib/python3.8/unittest/case.py", line 676, in run
    self._callTestMethod(testMethod)
  File "/usr/lib/python3.8/unittest/case.py", line 633, in _callTestMethod
    method()
  File "/opt/ros/noetic/lib/python3/dist-packages/rostest/runner.py", line 93, in fn
    self.fail(message)
  File "/usr/lib/python3.8/unittest/case.py", line 753, in fail
    raise self.failureException(msg)
--------------------------------------------------------------------------------
[Testcase: testt3404] ... FAILURE!
FAILURE: Package [fcsmap_fcs_suite_t3404] for test node [fcsmap_fcs_suite_t3404/node] does not exist
  File "/usr/lib/python3.8/unittest/case.py", line 60, in testPartExecutor
    yield
  File "/usr/lib/python3.8/unittest/case.py", line 676, in run
    self._callTestMethod(testMethod)
  File "/usr/lib/python3.8/unittest/case.py", line 633, in _callTestMethod
    method()
  File "/opt/ros/noetic/lib/python3/dist-packages/rostest/runner.py", line 93, in fn
    self.fail(message)
  File "/usr/lib/python3.8/unittest/case.py", line 753, in fail
    raise self.failureException(msg)
--------------------------------------------------------------------------------
[Testcase: testt3405] ... FAILURE!
FAILURE: Package [fcsmap_fcs_suite_t3405] for test node [fcsmap_fcs_suite_t3405/node] does not exist
  File "/usr/lib/python3.8/unittest/case.py", line 60, in testPartExecutor
    yield
  File "/usr/lib/python3.8/unittest/case.py", line 676, in run
    self._callTestMethod(testMethod)
  File "/usr/lib/python3.8/unittest/case.py", line 633, in _callTestMethod
    method()
  File "/opt/ros/noetic/lib/python3/dist-packages/rostest/runner.py", line 93, in fn
    self.fail(message)
  File "/usr/lib/python3.8/unittest/case.py", line 753, in fail
    raise self.failureException(msg)
--------------------------------------------------------------------------------
[Testcase: testt3406] ... FAILURE!
FAILURE: Package [fcsmap_fcs_suite_t3406] for test node [fcsmap_fcs_suite_t3406/node] does not exist
  File "/usr/lib/python3.8/unittest/case.py", line 60, in testPartExecutor
    yield
  File "/usr/lib/python3.8/unittest/case.py", line 676, in run
    self._callTestMethod(testMethod)
  File "/usr/lib/python3.8/unittest/case.py", line 633, in _callTestMethod
    method()
  File "/opt/ros/noetic/lib/python3/dist-packages/rostest/runner.py", line 93, in fn
    self.fail(message)
  File "/usr/lib/python3.8/unittest/case.py", line 753, in fail
    raise self.failureException(msg)
--------------------------------------------------------------------------------
[Testcase: testt3407] ... FAILURE!
FAILURE: Package [fcsmap_fcs_suite_t3407] for test node [fcsmap_fcs_suite_t3407/node] does not exist
  File "/usr/lib/python3.8/unittest/case.py", line 60, in testPartExecutor
    yield
  File "/usr/lib/python3.8/unittest/case.py", line 676, in run
    self._callTestMethod(testMethod)
  File "/usr/lib/python3.8/unittest/case.py", line 633, in _callTestMethod
    method()
  File "/opt/ros/noetic/lib/python3/dist-packages/rostest/runner.py", line 93, in fn
    self.fail(message)
  File "/usr/lib/python3.8/unittest/case.py", line 753, in fail
    raise self.failureException(msg)
--------------------------------------------------------------------------------
[Testcase: testt3408] ... FAILURE!
FAILURE: Package [fcsmap_fcs_suite_t3408] for test node [fcsmap_fcs_suite_t3408/node] does not exist
  File "/usr/lib/python3.8/unittest/case.py", line 60, in testPartExecutor
    yield
  File "/usr/lib/python3.8/unittest/case.py", line 676, in run
    self._callTestMethod(testMethod)
  File "/usr/lib/python3.8/unittest/case.py", line 633, in _callTestMethod
    method()
  File "/opt/ros/noetic/lib/python3/dist-packages/rostest/runner.py", line 93, in fn
    self.fail(message)
  File "/usr/lib/python3.8/unittest/case.py", line 753, in fail
    raise self.failureException(msg)
--------------------------------------------------------------------------------
[Testcase: testt3409] ... FAILURE!
FAILURE: Package [fcsmap_fcs_suite_t3409] for test node [fcsmap_fcs_suite_t3409/node] does not exist
  File "/usr/lib/python3.8/unittest/case.py", line 60, in testPartExecutor
    yield
  File "/usr/lib/python3.8/unittest/case.py", line 676, in run
    self._callTestMethod(testMethod)
  File "/usr/lib/python3.8/unittest/case.py", line 633, in _callTestMethod
    method()
  File "/opt/ros/noetic/lib/python3/dist-packages/rostest/runner.py", line 93, in fn
    self.fail(message)
  File "/usr/lib/python3.8/unittest/case.py", line 753, in fail
    raise self.failureException(msg)
--------------------------------------------------------------------------------
[Testcase: testt3410] ... FAILURE!
FAILURE: Package [fcsmap_fcs_suite_t3410] for test node [fcsmap_fcs_suite_t3410/node] does not exist
  File "/usr/lib/python3.8/unittest/case.py", line 60, in testPartExecutor
    yield
  File "/usr/lib/python3.8/unittest/case.py", line 676, in run
    self._callTestMethod(testMethod)
  File "/usr/lib/python3.8/unittest/case.py", line 633, in _callTestMethod
    method()
  File "/opt/ros/noetic/lib/python3/dist-packages/rostest/runner.py", line 93, in fn
    self.fail(message)
  File "/usr/lib/python3.8/unittest/case.py", line 753, in fail
    raise self.failureException(msg)
--------------------------------------------------------------------------------
[Testcase: testt3411] ... FAILURE!
FAILURE: Package [fcsmap_fcs_suite_t3411] for test node [fcsmap_fcs_suite_t3411/node] does not exist
  File "/usr/lib/python3.8/unittest/case.py", line 60, in testPartExecutor
    yield
  File "/usr/lib/python3.8/unittest/case.py", line 676, in run
    self._callTestMethod(testMethod)
  File "/usr/lib/python3.8/unittest/case.py", line 633, in _callTestMethod
    method()
  File "/opt/ros/noetic/lib/python3/dist-packages/rostest/runner.py", line 93, in fn
    self.fail(message)
  File "/usr/lib/python3.8/unittest/case.py", line 753, in fail
    raise self.failureException(msg)
--------------------------------------------------------------------------------
[Testcase: testt3412] ... FAILURE!
FAILURE: Package [fcsmap_fcs_suite_t3412] for test node [fcsmap_fcs_suite_t3412/node] does not exist
  File "/usr/lib/python3.8/unittest/case.py", line 60, in testPartExecutor
    yield
  File "/usr/lib/python3.8/unittest/case.py", line 676, in run
    self._callTestMethod(testMethod)
  File "/usr/lib/python3.8/unittest/case.py", line 633, in _callTestMethod
    method()
  File "/opt/ros/noetic/lib/python3/dist-packages/rostest/runner.py", line 93, in fn
    self.fail(message)
  File "/usr/lib/python3.8/unittest/case.py", line 753, in fail
    raise self.failureException(msg)
--------------------------------------------------------------------------------
[Testcase: testt3413] ... FAILURE!
FAILURE: Package [fcsmap_fcs_suite_t3413] for test node [fcsmap_fcs_suite_t3413/node] does not exist
  File "/usr/lib/python3.8/unittest/case.py", line 60, in testPartExecutor
    yield
  File "/usr/lib/python3.8/unittest/case.py", line 676, in run
    self._callTestMethod(testMethod)
  File "/usr/lib/python3.8/unittest/case.py", line 633, in _callTestMethod
    method()
  File "/opt/ros/noetic/lib/python3/dist-packages/rostest/runner.py", line 93, in fn
    self.fail(message)
  File "/usr/lib/python3.8/unittest/case.py", line 753, in fail
    raise self.failureException(msg)
--------------------------------------------------------------------------------
[Testcase: testt3414] ... FAILURE!
FAILURE: Package [fcsmap_fcs_suite_t3414] for test node [fcsmap_fcs_suite_t3414/node] does not exist
  File "/usr/lib/python3.8/unittest/case.py", line 60, in testPartExecutor
    yield
  File "/usr/lib/python3.8/unittest/case.py", line 676, in run
    self._callTestMethod(testMethod)
  File "/usr/lib/python3.8/unittest/case.py", line 633, in _callTestMethod
    method()
  File "/opt/ros/noetic/lib/python3/dist-packages/rostest/runner.py", line 93, in fn
    self.fail(message)
  File "/usr/lib/python3.8/unittest/case.py", line 753, in fail
    raise self.failureException(msg)
--------------------------------------------------------------------------------
[Testcase: testt3415] ... FAILURE!
FAILURE: Package [fcsmap_fcs_suite_t3415] for test node [fcsmap_fcs_suite_t3415/node] does not exist
  File "/usr/lib/python3.8/unittest/case.py", line 60, in testPartExecutor
    yield
  File "/usr/lib/python3.8/unittest/case.py", line 676, in run
    self._callTestMethod(testMethod)
  File "/usr/lib/python3.8/unittest/case.py", line 633, in _callTestMethod
    method()
  File "/opt/ros/noetic/lib/python3/dist-packages/rostest/runner.py", line 93, in fn
    self.fail(message)
  File "/usr/lib/python3.8/unittest/case.py", line 753, in fail
    raise self.failureException(msg)
--------------------------------------------------------------------------------
[Testcase: testt3416] ... FAILURE!
FAILURE: Package [fcsmap_fcs_suite_t3416] for test node [fcsmap_fcs_suite_t3416/node] does not exist
  File "/usr/lib/python3.8/unittest/case.py", line 60, in testPartExecutor
    yield
  File "/usr/lib/python3.8/unittest/case.py", line 676, in run
    self._callTestMethod(testMethod)
  File "/usr/lib/python3.8/unittest/case.py", line 633, in _callTestMethod
    method()
  File "/opt/ros/noetic/lib/python3/dist-packages/rostest/runner.py", line 93, in fn
    self.fail(message)
  File "/usr/lib/python3.8/unittest/case.py", line 753, in fail
    raise self.failureException(msg)
--------------------------------------------------------------------------------
[Testcase: testt3417] ... FAILURE!
FAILURE: Package [fcsmap_fcs_suite_t3417] for test node [fcsmap_fcs_suite_t3417/node] does not exist
  File "/usr/lib/python3.8/unittest/case.py", line 60, in testPartExecutor
    yield
  File "/usr/lib/python3.8/unittest/case.py", line 676, in run
    self._callTestMethod(testMethod)
  File "/usr/lib/python3.8/unittest/case.py", line 633, in _callTestMethod
    method()
  File "/opt/ros/noetic/lib/python3/dist-packages/rostest/runner.py", line 93, in fn
    self.fail(message)
  File "/usr/lib/python3.8/unittest/case.py", line 753, in fail
    raise self.failureException(msg)
--------------------------------------------------------------------------------
[Testcase: testt3418] ... FAILURE!
FAILURE: Package [fcsmap_fcs_suite_t3418] for test node [fcsmap_fcs_suite_t3418/node] does not exist
  File "/usr/lib/python3.8/unittest/case.py", line 60, in testPartExecutor
    yield
  File "/usr/lib/python3.8/unittest/case.py", line 676, in run
    self._callTestMethod(testMethod)
  File "/usr/lib/python3.8/unittest/case.py", line 633, in _callTestMethod
    method()
  File "/opt/ros/noetic/lib/python3/dist-packages/rostest/runner.py", line 93, in fn
    self.fail(message)
  File "/usr/lib/python3.8/unittest/case.py", line 753, in fail
    raise self.failureException(msg)
--------------------------------------------------------------------------------
[Testcase: testt3419] ... FAILURE!
FAILURE: Package [fcsmap_fcs_suite_t3419] for test node [fcsmap_fcs_suite_t3419/node] does not exist
  File "/usr/lib/python3.8/unittest/case.py", line 60, in testPartExecutor
    yield
  File "/usr/lib/python3.8/unittest/case.py", line 676, in run
    self._callTestMethod(testMethod)
  File "/usr/lib/python3.8/unittest/case.py", line 633, in _callTestMethod
    method()
  File "/opt/ros/noetic/lib/python3/dist-packages/rostest/runner.py", line 93, in fn
    self.fail(message)
  File "/usr/lib/python3.8/unittest/case.py", line 753, in fail
    raise self.failureException(msg)
--------------------------------------------------------------------------------
[Testcase: testt3420] ... FAILURE!
FAILURE: Package [fcsmap_fcs_suite_t3420] for test node [fcsmap_fcs_suite_t3420/node] does not exist
  File "/usr/lib/python3.8/unittest/case.py", line 60, in testPartExecutor
    yield
  File "/usr/lib/python3.8/unittest/case.py", line 676, in run
    self._callTestMethod(testMethod)
  File "/usr/lib/python3.8/unittest/case.py", line 633, in _callTestMethod
    method()
  File "/opt/ros/noetic/lib/python3/dist-packages/rostest/runner.py", line 93, in fn
    self.fail(message)
  File "/usr/lib/python3.8/unittest/case.py", line 753, in fail
    raise self.failureException(msg)
--------------------------------------------------------------------------------
[Testcase: testt3421] ... FAILURE!
FAILURE: Package [fcsmap_fcs_suite_t3421] for test node [fcsmap_fcs_suite_t3421/node] does not exist
  File "/usr/lib/python3.8/unittest/case.py", line 60, in testPartExecutor
    yield
  File "/usr/lib/python3.8/unittest/case.py", line 676, in run
    self._callTestMethod(testMethod)
  File "/usr/lib/python3.8/unittest/case.py", line 633, in _callTestMethod
    method()
  File "/opt/ros/noetic/lib/python3/dist-packages/rostest/runner.py", line 93, in fn
    self.fail(message)
  File "/usr/lib/python3.8/unittest/case.py", line 753, in fail
    raise self.failureException(msg)
--------------------------------------------------------------------------------
[Testcase: testt3422] ... FAILURE!
FAILURE: Package [fcsmap_fcs_suite_t3422] for test node [fcsmap_fcs_suite_t3422/node] does not exist
  File "/usr/lib/python3.8/unittest/case.py", line 60, in testPartExecutor
    yield
  File "/usr/lib/python3.8/unittest/case.py", line 676, in run
    self._callTestMethod(testMethod)
  File "/usr/lib/python3.8/unittest/case.py", line 633, in _callTestMethod
    method()
  File "/opt/ros/noetic/lib/python3/dist-packages/rostest/runner.py", line 93, in fn
    self.fail(message)
  File "/usr/lib/python3.8/unittest/case.py", line 753, in fail
    raise self.failureException(msg)
--------------------------------------------------------------------------------
[Testcase: testt3423] ... FAILURE!
FAILURE: Package [fcsmap_fcs_suite_t3423] for test node [fcsmap_fcs_suite_t3423/node] does not exist
  File "/usr/lib/python3.8/unittest/case.py", line 60, in testPartExecutor
    yield
  File "/usr/lib/python3.8/unittest/case.py", line 676, in run
    self._callTestMethod(testMethod)
  File "/usr/lib/python3.8/unittest/case.py", line 633, in _callTestMethod
    method()
  File "/opt/ros/noetic/lib/python3/dist-packages/rostest/runner.py", line 93, in fn
    self.fail(message)
  File "/usr/lib/python3.8/unittest/case.py", line 753, in fail
    raise self.failureException(msg)
--------------------------------------------------------------------------------
[Testcase: testt3424] ... FAILURE!
FAILURE: Package [fcsmap_fcs_suite_t3424] for test node [fcsmap_fcs_suite_t3424/node] does not exist
  File "/usr/lib/python3.8/unittest/case.py", line 60, in testPartExecutor
    yield
  File "/usr/lib/python3.8/unittest/case.py", line 676, in run
    self._callTestMethod(testMethod)
  File "/usr/lib/python3.8/unittest/case.py", line 633, in _callTestMethod
    method()
  File "/opt/ros/noetic/lib/python3/dist-packages/rostest/runner.py", line 93, in fn
    self.fail(message)
  File "/usr/lib/python3.8/unittest/case.py", line 753, in fail
    raise self.failureException(msg)
--------------------------------------------------------------------------------
[Testcase: testt3425] ... FAILURE!
FAILURE: Package [fcsmap_fcs_suite_t3425] for test node [fcsmap_fcs_suite_t3425/node] does not exist
  File "/usr/lib/python3.8/unittest/case.py", line 60, in testPartExecutor
    yield
  File "/usr/lib/python3.8/unittest/case.py", line 676, in run
    self._callTestMethod(testMethod)
  File "/usr/lib/python3.8/unittest/case.py", line 633, in _callTestMethod
    method()
  File "/opt/ros/noetic/lib/python3/dist-packages/rostest/runner.py", line 93, in fn
    self.fail(message)
  File "/usr/lib/python3.8/unittest/case.py", line 753, in fail
    raise self.failureException(msg)
--------------------------------------------------------------------------------
[Testcase: testt3426] ... FAILURE!
FAILURE: Package [fcsmap_fcs_suite_t3426] for test node [fcsmap_fcs_suite_t3426/node] does not exist
  File "/usr/lib/python3.8/unittest/case.py", line 60, in testPartExecutor
    yield
  File "/usr/lib/python3.8/unittest/case.py", line 676, in run
    self._callTestMethod(testMethod)
  File "/usr/lib/python3.8/unittest/case.py", line 633, in _callTestMethod
    method()
  File "/opt/ros/noetic/lib/python3/dist-packages/rostest/runner.py", line 93, in fn
    self.fail(message)
  File "/usr/lib/python3.8/unittest/case.py", line 753, in fail
    raise self.failureException(msg)
--------------------------------------------------------------------------------
[Testcase: testt3427] ... FAILURE!
FAILURE: Package [fcsmap_fcs_suite_t3427] for test node [fcsmap_fcs_suite_t3427/node] does not exist
  File "/usr/lib/python3.8/unittest/case.py", line 60, in testPartExecutor
    yield
  File "/usr/lib/python3.8/unittest/case.py", line 676, in run
    self._callTestMethod(testMethod)
  File "/usr/lib/python3.8/unittest/case.py", line 633, in _callTestMethod
    method()
  File "/opt/ros/noetic/lib/python3/dist-packages/rostest/runner.py", line 93, in fn
    self.fail(message)
  File "/usr/lib/python3.8/unittest/case.py", line 753, in fail
    raise self.failureException(msg)
--------------------------------------------------------------------------------
[Testcase: testt3428] ... FAILURE!
FAILURE: Package [fcsmap_fcs_suite_t3428] for test node [fcsmap_fcs_suite_t3428/node] does not exist
  File "/usr/lib/python3.8/unittest/case.py", line 60, in testPartExecutor
    yield
  File "/usr/lib/python3.8/unittest/case.py", line 676, in run
    self._callTestMethod(testMethod)
  File "/usr/lib/python3.8/unittest/case.py", line 633, in _callTestMethod
    method()
  File "/opt/ros/noetic/lib/python3/dist-packages/rostest/runner.py", line 93, in fn
    self.fail(message)
  File "/usr/lib/python3.8/unittest/case.py", line 753, in fail
    raise self.failureException(msg)
--------------------------------------------------------------------------------
[Testcase: testt3429] ... FAILURE!
FAILURE: Package [fcsmap_fcs_suite_t3429] for test node [fcsmap_fcs_suite_t3429/node] does not exist
  File "/usr/lib/python3.8/unittest/case.py", line 60, in testPartExecutor
    yield
  File "/usr/lib/python3.8/unittest/case.py", line 676, in run
    self._callTestMethod(testMethod)
  File "/usr/lib/python3.8/unittest/case.py", line 633, in _callTestMethod
    method()
  File "/opt/ros/noetic/lib/python3/dist-packages/rostest/runner.py", line 93, in fn
    self.fail(message)
  File "/usr/lib/python3.8/unittest/case.py", line 753, in fail
    raise self.failureException(msg)
--------------------------------------------------------------------------------
[Testcase: testt3430] ... FAILURE!
FAILURE: Package [fcsmap_fcs_suite_t3430] for test node [fcsmap_fcs_suite_t3430/node] does not exist
  File "/usr/lib/python3.8/unittest/case.py", line 60, in testPartExecutor
    yield
  File "/usr/lib/python3.8/unittest/case.py", line 676, in run
    self._callTestMethod(testMethod)
  File "/usr/lib/python3.8/unittest/case.py", line 633, in _callTestMethod
    method()
  File "/opt/ros/noetic/lib/python3/dist-packages/rostest/runner.py", line 93, in fn
    self.fail(message)
  File "/usr/lib/python3.8/unittest/case.py", line 753, in fail
    raise self.failureException(msg)
--------------------------------------------------------------------------------
[Testcase: testt3431] ... FAILURE!
FAILURE: Package [fcsmap_fcs_suite_t3431] for test node [fcsmap_fcs_suite_t3431/node] does not exist
  File "/usr/lib/python3.8/unittest/case.py", line 60, in testPartExecutor
    yield
  File "/usr/lib/python3.8/unittest/case.py", line 676, in run
    self._callTestMethod(testMethod)
  File "/usr/lib/python3.8/unittest/case.py", line 633, in _callTestMethod
    method()
  File "/opt/ros/noetic/lib/python3/dist-packages/rostest/runner.py", line 93, in fn
    self.fail(message)
  File "/usr/lib/python3.8/unittest/case.py", line 753, in fail
    raise self.failureException(msg)
--------------------------------------------------------------------------------
[Testcase: testt3432] ... FAILURE!
FAILURE: Package [fcsmap_fcs_suite_t3432] for test node [fcsmap_fcs_suite_t3432/node] does not exist
  File "/usr/lib/python3.8/unittest/case.py", line 60, in testPartExecutor
    yield
  File "/usr/lib/python3.8/unittest/case.py", line 676, in run
    self._callTestMethod(testMethod)
  File "/usr/lib/python3.8/unittest/case.py", line 633, in _callTestMethod
    method()
  File "/opt/ros/noetic/lib/python3/dist-packages/rostest/runner.py", line 93, in fn
    self.fail(message)
  File "/usr/lib/python3.8/unittest/case.py", line 753, in fail
    raise self.failureException(msg)
--------------------------------------------------------------------------------
[Testcase: testt3433] ... FAILURE!
FAILURE: Package [fcsmap_fcs_suite_t3433] for test node [fcsmap_fcs_suite_t3433/node] does not exist
  File "/usr/lib/python3.8/unittest/case.py", line 60, in testPartExecutor
    yield
  File "/usr/lib/python3.8/unittest/case.py", line 676, in run
    self._callTestMethod(testMethod)
  File "/usr/lib/python3.8/unittest/case.py", line 633, in _callTestMethod
    method()
  File "/opt/ros/noetic/lib/python3/dist-packages/rostest/runner.py", line 93, in fn
    self.fail(message)
  File "/usr/lib/python3.8/unittest/case.py", line 753, in fail
    raise self.failureException(msg)
--------------------------------------------------------------------------------
[Testcase: testt3434] ... FAILURE!
FAILURE: Package [fcsmap_fcs_suite_t3434] for test node [fcsmap_fcs_suite_t3434/node] does not exist
  File "/usr/lib/python3.8/unittest/case.py", line 60, in testPartExecutor
    yield
  File "/usr/lib/python3.8/unittest/case.py", line 676, in run
    self._callTestMethod(testMethod)
  File "/usr/lib/python3.8/unittest/case.py", line 633, in _callTestMethod
    method()
  File "/opt/ros/noetic/lib/python3/dist-packages/rostest/runner.py", line 93, in fn
    self.fail(message)
  File "/usr/lib/python3.8/unittest/case.py", line 753, in fail
    raise self.failureException(msg)
--------------------------------------------------------------------------------
[Testcase: testt3435] ... FAILURE!
FAILURE: Package [fcsmap_fcs_suite_t3435] for test node [fcsmap_fcs_suite_t3435/node] does not exist
  File "/usr/lib/python3.8/unittest/case.py", line 60, in testPartExecutor
    yield
  File "/usr/lib/python3.8/unittest/case.py", line 676, in run
    self._callTestMethod(testMethod)
  File "/usr/lib/python3.8/unittest/case.py", line 633, in _callTestMethod
    method()
  File "/opt/ros/noetic/lib/python3/dist-packages/rostest/runner.py", line 93, in fn
    self.fail(message)
  File "/usr/lib/python3.8/unittest/case.py", line 753, in fail
    raise self.failureException(msg)
--------------------------------------------------------------------------------
[Testcase: testt3436] ... FAILURE!
FAILURE: Package [fcsmap_fcs_suite_t3436] for test node [fcsmap_fcs_suite_t3436/node] does not exist
  File "/usr/lib/python3.8/unittest/case.py", line 60, in testPartExecutor
    yield
  File "/usr/lib/python3.8/unittest/case.py", line 676, in run
    self._callTestMethod(testMethod)
  File "/usr/lib/python3.8/unittest/case.py", line 633, in _callTestMethod
    method()
  File "/opt/ros/noetic/lib/python3/dist-packages/rostest/runner.py", line 93, in fn
    self.fail(message)
  File "/usr/lib/python3.8/unittest/case.py", line 753, in fail
    raise self.failureException(msg)
--------------------------------------------------------------------------------
[Testcase: testt3437] ... FAILURE!
FAILURE: Package [fcsmap_fcs_suite_t3437] for test node [fcsmap_fcs_suite_t3437/node] does not exist
  File "/usr/lib/python3.8/unittest/case.py", line 60, in testPartExecutor
    yield
  File "/usr/lib/python3.8/unittest/case.py", line 676, in run
    self._callTestMethod(testMethod)
  File "/usr/lib/python3.8/unittest/case.py", line 633, in _callTestMethod
    method()
  File "/opt/ros/noetic/lib/python3/dist-packages/rostest/runner.py", line 93, in fn
    self.fail(message)
  File "/usr/lib/python3.8/unittest/case.py", line 753, in fail
    raise self.failureException(msg)
--------------------------------------------------------------------------------
[Testcase: testt3438] ... FAILURE!
FAILURE: Package [fcsmap_fcs_suite_t3438] for test node [fcsmap_fcs_suite_t3438/node] does not exist
  File "/usr/lib/python3.8/unittest/case.py", line 60, in testPartExecutor
    yield
  File "/usr/lib/python3.8/unittest/case.py", line 676, in run
    self._callTestMethod(testMethod)
  File "/usr/lib/python3.8/unittest/case.py", line 633, in _callTestMethod
    method()
  File "/opt/ros/noetic/lib/python3/dist-packages/rostest/runner.py", line 93, in fn
    self.fail(message)
  File "/usr/lib/python3.8/unittest/case.py", line 753, in fail
    raise self.failureException(msg)
--------------------------------------------------------------------------------
[Testcase: testt3439] ... FAILURE!
FAILURE: Package [fcsmap_fcs_suite_t3439] for test node [fcsmap_fcs_suite_t3439/node] does not exist
  File "/usr/lib/python3.8/unittest/case.py", line 60, in testPartExecutor
    yield
  File "/usr/lib/python3.8/unittest/case.py", line 676, in run
    self._callTestMethod(testMethod)
  File "/usr/lib/python3.8/unittest/case.py", line 633, in _callTestMethod
    method()
  File "/opt/ros/noetic/lib/python3/dist-packages/rostest/runner.py", line 93, in fn
    self.fail(message)
  File "/usr/lib/python3.8/unittest/case.py", line 753, in fail
    raise self.failureException(msg)
--------------------------------------------------------------------------------
[Testcase: testt3440] ... FAILURE!
FAILURE: Package [fcsmap_fcs_suite_t3440] for test node [fcsmap_fcs_suite_t3440/node] does not exist
  File "/usr/lib/python3.8/unittest/case.py", line 60, in testPartExecutor
    yield
  File "/usr/lib/python3.8/unittest/case.py", line 676, in run
    self._callTestMethod(testMethod)
  File "/usr/lib/python3.8/unittest/case.py", line 633, in _callTestMethod
    method()
  File "/opt/ros/noetic/lib/python3/dist-packages/rostest/runner.py", line 93, in fn
    self.fail(message)
  File "/usr/lib/python3.8/unittest/case.py", line 753, in fail
    raise self.failureException(msg)
--------------------------------------------------------------------------------
[Testcase: testt3441] ... FAILURE!
FAILURE: Package [fcsmap_fcs_suite_t3441] for test node [fcsmap_fcs_suite_t3441/node] does not exist
  File "/usr/lib/python3.8/unittest/case.py", line 60, in testPartExecutor
    yield
  File "/usr/lib/python3.8/unittest/case.py", line 676, in run
    self._callTestMethod(testMethod)
  File "/usr/lib/python3.8/unittest/case.py", line 633, in _callTestMethod
    method()
  File "/opt/ros/noetic/lib/python3/dist-packages/rostest/runner.py", line 93, in fn
    self.fail(message)
  File "/usr/lib/python3.8/unittest/case.py", line 753, in fail
    raise self.failureException(msg)
--------------------------------------------------------------------------------
[Testcase: testt3442] ... FAILURE!
FAILURE: Package [fcsmap_fcs_suite_t3442] for test node [fcsmap_fcs_suite_t3442/node] does not exist
  File "/usr/lib/python3.8/unittest/case.py", line 60, in testPartExecutor
    yield
  File "/usr/lib/python3.8/unittest/case.py", line 676, in run
    self._callTestMethod(testMethod)
  File "/usr/lib/python3.8/unittest/case.py", line 633, in _callTestMethod
    method()
  File "/opt/ros/noetic/lib/python3/dist-packages/rostest/runner.py", line 93, in fn
    self.fail(message)
  File "/usr/lib/python3.8/unittest/case.py", line 753, in fail
    raise self.failureException(msg)
--------------------------------------------------------------------------------
[Testcase: testt3443] ... FAILURE!
FAILURE: Package [fcsmap_fcs_suite_t3443] for test node [fcsmap_fcs_suite_t3443/node] does not exist
  File "/usr/lib/python3.8/unittest/case.py", line 60, in testPartExecutor
    yield
  File "/usr/lib/python3.8/unittest/case.py", line 676, in run
    self._callTestMethod(testMethod)
  File "/usr/lib/python3.8/unittest/case.py", line 633, in _callTestMethod
    method()
  File "/opt/ros/noetic/lib/python3/dist-packages/rostest/runner.py", line 93, in fn
    self.fail(message)
  File "/usr/lib/python3.8/unittest/case.py", line 753, in fail
    raise self.failureException(msg)
--------------------------------------------------------------------------------
[Testcase: testt3444] ... FAILURE!
FAILURE: Package [fcsmap_fcs_suite_t3444] for test node [fcsmap_fcs_suite_t3444/node] does not exist
  File "/usr/lib/python3.8/unittest/case.py", line 60, in testPartExecutor
    yield
  File "/usr/lib/python3.8/unittest/case.py", line 676, in run
    self._callTestMethod(testMethod)
  File "/usr/lib/python3.8/unittest/case.py", line 633, in _callTestMethod
    method()
  File "/opt/ros/noetic/lib/python3/dist-packages/rostest/runner.py", line 93, in fn
    self.fail(message)
  File "/usr/lib/python3.8/unittest/case.py", line 753, in fail
    raise self.failureException(msg)
--------------------------------------------------------------------------------
[Testcase: testt3445] ... FAILURE!
FAILURE: Package [fcsmap_fcs_suite_t3445] for test node [fcsmap_fcs_suite_t3445/node] does not exist
  File "/usr/lib/python3.8/unittest/case.py", line 60, in testPartExecutor
    yield
  File "/usr/lib/python3.8/unittest/case.py", line 676, in run
    self._callTestMethod(testMethod)
  File "/usr/lib/python3.8/unittest/case.py", line 633, in _callTestMethod
    method()
  File "/opt/ros/noetic/lib/python3/dist-packages/rostest/runner.py", line 93, in fn
    self.fail(message)
  File "/usr/lib/python3.8/unittest/case.py", line 753, in fail
    raise self.failureException(msg)
--------------------------------------------------------------------------------
[Testcase: testt3446] ... FAILURE!
FAILURE: Package [fcsmap_fcs_suite_t3446] for test node [fcsmap_fcs_suite_t3446/node] does not exist
  File "/usr/lib/python3.8/unittest/case.py", line 60, in testPartExecutor
    yield
  File "/usr/lib/python3.8/unittest/case.py", line 676, in run
    self._callTestMethod(testMethod)
  File "/usr/lib/python3.8/unittest/case.py", line 633, in _callTestMethod
    method()
  File "/opt/ros/noetic/lib/python3/dist-packages/rostest/runner.py", line 93, in fn
    self.fail(message)
  File "/usr/lib/python3.8/unittest/case.py", line 753, in fail
    raise self.failureException(msg)
--------------------------------------------------------------------------------
[Testcase: testt3447] ... FAILURE!
FAILURE: Package [fcsmap_fcs_suite_t3447] for test node [fcsmap_fcs_suite_t3447/node] does not exist
  File "/usr/lib/python3.8/unittest/case.py", line 60, in testPartExecutor
    yield
  File "/usr/lib/python3.8/unittest/case.py", line 676, in run
    self._callTestMethod(testMethod)
  File "/usr/lib/python3.8/unittest/case.py", line 633, in _callTestMethod
    method()
  File "/opt/ros/noetic/lib/python3/dist-packages/rostest/runner.py", line 93, in fn
    self.fail(message)
  File "/usr/lib/python3.8/unittest/case.py", line 753, in fail
    raise self.failureException(msg)
--------------------------------------------------------------------------------
[Testcase: testt3448] ... FAILURE!
FAILURE: Package [fcsmap_fcs_suite_t3448] for test node [fcsmap_fcs_suite_t3448/node] does not exist
  File "/usr/lib/python3.8/unittest/case.py", line 60, in testPartExecutor
    yield
  File "/usr/lib/python3.8/unittest/case.py", line 676, in run
    self._callTestMethod(testMethod)
  File "/usr/lib/python3.8/unittest/case.py", line 633, in _callTestMethod
    method()
  File "/opt/ros/noetic/lib/python3/dist-packages/rostest/runner.py", line 93, in fn
    self.fail(message)
  File "/usr/lib/python3.8/unittest/case.py", line 753, in fail
    raise self.failureException(msg)
--------------------------------------------------------------------------------
[Testcase: testt3449] ... FAILURE!
FAILURE: Package [fcsmap_fcs_suite_t3449] for test node [fcsmap_fcs_suite_t3449/node] does not exist
  File "/usr/lib/python3.8/unittest/case.py", line 60, in testPartExecutor
    yield
  File "/usr/lib/python3.8/unittest/case.py", line 676, in run
    self._callTestMethod(testMethod)
  File "/usr/lib/python3.8/unittest/case.py", line 633, in _callTestMethod
    method()
  File "/opt/ros/noetic/lib/python3/dist-packages/rostest/runner.py", line 93, in fn
    self.fail(message)
  File "/usr/lib/python3.8/unittest/case.py", line 753, in fail
    raise self.failureException(msg)
--------------------------------------------------------------------------------
[Testcase: testt3450] ... FAILURE!
FAILURE: Package [fcsmap_fcs_suite_t3450] for test node [fcsmap_fcs_suite_t3450/node] does not exist
  File "/usr/lib/python3.8/unittest/case.py", line 60, in testPartExecutor
    yield
  File "/usr/lib/python3.8/unittest/case.py", line 676, in run
    self._callTestMethod(testMethod)
  File "/usr/lib/python3.8/unittest/case.py", line 633, in _callTestMethod
    method()
  File "/opt/ros/noetic/lib/python3/dist-packages/rostest/runner.py", line 93, in fn
    self.fail(message)
  File "/usr/lib/python3.8/unittest/case.py", line 753, in fail
    raise self.failureException(msg)
--------------------------------------------------------------------------------
[Testcase: testt3451] ... FAILURE!
FAILURE: Package [fcsmap_fcs_suite_t3451] for test node [fcsmap_fcs_suite_t3451/node] does not exist
  File "/usr/lib/python3.8/unittest/case.py", line 60, in testPartExecutor
    yield
  File "/usr/lib/python3.8/unittest/case.py", line 676, in run
    self._callTestMethod(testMethod)
  File "/usr/lib/python3.8/unittest/case.py", line 633, in _callTestMethod
    method()
  File "/opt/ros/noetic/lib/python3/dist-packages/rostest/runner.py", line 93, in fn
    self.fail(message)
  File "/usr/lib/python3.8/unittest/case.py", line 753, in fail
    raise self.failureException(msg)
--------------------------------------------------------------------------------
[Testcase: testt3452] ... FAILURE!
FAILURE: Package [fcsmap_fcs_suite_t3452] for test node [fcsmap_fcs_suite_t3452/node] does not exist
  File "/usr/lib/python3.8/unittest/case.py", line 60, in testPartExecutor
    yield
  File "/usr/lib/python3.8/unittest/case.py", line 676, in run
    self._callTestMethod(testMethod)
  File "/usr/lib/python3.8/unittest/case.py", line 633, in _callTestMethod
    method()
  File "/opt/ros/noetic/lib/python3/dist-packages/rostest/runner.py", line 93, in fn
    self.fail(message)
  File "/usr/lib/python3.8/unittest/case.py", line 753, in fail
    raise self.failureException(msg)
--------------------------------------------------------------------------------
[Testcase: testt3453] ... FAILURE!
FAILURE: Package [fcsmap_fcs_suite_t3453] for test node [fcsmap_fcs_suite_t3453/node] does not exist
  File "/usr/lib/python3.8/unittest/case.py", line 60, in testPartExecutor
    yield
  File "/usr/lib/python3.8/unittest/case.py", line 676, in run
    self._callTestMethod(testMethod)
  File "/usr/lib/python3.8/unittest/case.py", line 633, in _callTestMethod
    method()
  File "/opt/ros/noetic/lib/python3/dist-packages/rostest/runner.py", line 93, in fn
    self.fail(message)
  File "/usr/lib/python3.8/unittest/case.py", line 753, in fail
    raise self.failureException(msg)
--------------------------------------------------------------------------------
[Testcase: testt3454] ... FAILURE!
FAILURE: Package [fcsmap_fcs_suite_t3454] for test node [fcsmap_fcs_suite_t3454/node] does not exist
  File "/usr/lib/python3.8/unittest/case.py", line 60, in testPartExecutor
    yield
  File "/usr/lib/python3.8/unittest/case.py", line 676, in run
    self._callTestMethod(testMethod)
  File "/usr/lib/python3.8/unittest/case.py", line 633, in _callTestMethod
    method()
  File "/opt/ros/noetic/lib/python3/dist-packages/rostest/runner.py", line 93, in fn
    self.fail(message)
  File "/usr/lib/python3.8/unittest/case.py", line 753, in fail
    raise self.failureException(msg)
--------------------------------------------------------------------------------
[Testcase: testt3455] ... FAILURE!
FAILURE: Package [fcsmap_fcs_suite_t3455] for test node [fcsmap_fcs_suite_t3455/node] does not exist
  File "/usr/lib/python3.8/unittest/case.py", line 60, in testPartExecutor
    yield
  File "/usr/lib/python3.8/unittest/case.py", line 676, in run
    self._callTestMethod(testMethod)
  File "/usr/lib/python3.8/unittest/case.py", line 633, in _callTestMethod
    method()
  File "/opt/ros/noetic/lib/python3/dist-packages/rostest/runner.py", line 93, in fn
    self.fail(message)
  File "/usr/lib/python3.8/unittest/case.py", line 753, in fail
    raise self.failureException(msg)
--------------------------------------------------------------------------------
[Testcase: testt3456] ... FAILURE!
FAILURE: Package [fcsmap_fcs_suite_t3456] for test node [fcsmap_fcs_suite_t3456/node] does not exist
  File "/usr/lib/python3.8/unittest/case.py", line 60, in testPartExecutor
    yield
  File "/usr/lib/python3.8/unittest/case.py", line 676, in run
    self._callTestMethod(testMethod)
  File "/usr/lib/python3.8/unittest/case.py", line 633, in _callTestMethod
    method()
  File "/opt/ros/noetic/lib/python3/dist-packages/rostest/runner.py", line 93, in fn
    self.fail(message)
  File "/usr/lib/python3.8/unittest/case.py", line 753, in fail
    raise self.failureException(msg)
--------------------------------------------------------------------------------
[Testcase: testt3457] ... FAILURE!
FAILURE: Package [fcsmap_fcs_suite_t3457] for test node [fcsmap_fcs_suite_t3457/node] does not exist
  File "/usr/lib/python3.8/unittest/case.py", line 60, in testPartExecutor
    yield
  File "/usr/lib/python3.8/unittest/case.py", line 676, in run
    self._callTestMethod(testMethod)
  File "/usr/lib/python3.8/unittest/case.py", line 633, in _callTestMethod
    method()
  File "/opt/ros/noetic/lib/python3/dist-packages/rostest/runner.py", line 93, in fn
    self.fail(message)
  File "/usr/lib/python3.8/unittest/case.py", line 753, in fail
    raise self.failureException(msg)
--------------------------------------------------------------------------------
[Testcase: testt3458] ... FAILURE!
FAILURE: Package [fcsmap_fcs_suite_t3458] for test node [fcsmap_fcs_suite_t3458/node] does not exist
  File "/usr/lib/python3.8/unittest/case.py", line 60, in testPartExecutor
    yield
  File "/usr/lib/python3.8/unittest/case.py", line 676, in run
    self._callTestMethod(testMethod)
  File "/usr/lib/python3.8/unittest/case.py", line 633, in _callTestMethod
    method()
  File "/opt/ros/noetic/lib/python3/dist-packages/rostest/runner.py", line 93, in fn
    self.fail(message)
  File "/usr/lib/python3.8/unittest/case.py", line 753, in fail
    raise self.failureException(msg)
--------------------------------------------------------------------------------
[Testcase: testt3459] ... FAILURE!
FAILURE: Package [fcsmap_fcs_suite_t3459] for test node [fcsmap_fcs_suite_t3459/node] does not exist
  File "/usr/lib/python3.8/unittest/case.py", line 60, in testPartExecutor
    yield
  File "/usr/lib/python3.8/unittest/case.py", line 676, in run
    self._callTestMethod(testMethod)
  File "/usr/lib/python3.8/unittest/case.py", line 633, in _callTestMethod
    method()
  File "/opt/ros/noetic/lib/python3/dist-packages/rostest/runner.py", line 93, in fn
    self.fail(message)
  File "/usr/lib/python3.8/unittest/case.py", line 753, in fail
    raise self.failureException(msg)
--------------------------------------------------------------------------------
[Testcase: testt3470] ... FAILURE!
FAILURE: Package [fcsmap_fcs_suite_t3470] for test node [fcsmap_fcs_suite_t3470/node] does not exist
  File "/usr/lib/python3.8/unittest/case.py", line 60, in testPartExecutor
    yield
  File "/usr/lib/python3.8/unittest/case.py", line 676, in run
    self._callTestMethod(testMethod)
  File "/usr/lib/python3.8/unittest/case.py", line 633, in _callTestMethod
    method()
  File "/opt/ros/noetic/lib/python3/dist-packages/rostest/runner.py", line 93, in fn
    self.fail(message)
  File "/usr/lib/python3.8/unittest/case.py", line 753, in fail
    raise self.failureException(msg)
--------------------------------------------------------------------------------
[Testcase: testt3471] ... FAILURE!
FAILURE: Package [fcsmap_fcs_suite_t3471] for test node [fcsmap_fcs_suite_t3471/node] does not exist
  File "/usr/lib/python3.8/unittest/case.py", line 60, in testPartExecutor
    yield
  File "/usr/lib/python3.8/unittest/case.py", line 676, in run
    self._callTestMethod(testMethod)
  File "/usr/lib/python3.8/unittest/case.py", line 633, in _callTestMethod
    method()
  File "/opt/ros/noetic/lib/python3/dist-packages/rostest/runner.py", line 93, in fn
    self.fail(message)
  File "/usr/lib/python3.8/unittest/case.py", line 753, in fail
    raise self.failureException(msg)
--------------------------------------------------------------------------------
[Testcase: testt3472] ... FAILURE!
FAILURE: Package [fcsmap_fcs_suite_t3472] for test node [fcsmap_fcs_suite_t3472/node] does not exist
  File "/usr/lib/python3.8/unittest/case.py", line 60, in testPartExecutor
    yield
  File "/usr/lib/python3.8/unittest/case.py", line 676, in run
    self._callTestMethod(testMethod)
  File "/usr/lib/python3.8/unittest/case.py", line 633, in _callTestMethod
    method()
  File "/opt/ros/noetic/lib/python3/dist-packages/rostest/runner.py", line 93, in fn
    self.fail(message)
  File "/usr/lib/python3.8/unittest/case.py", line 753, in fail
    raise self.failureException(msg)
--------------------------------------------------------------------------------
[Testcase: testt3473] ... FAILURE!
FAILURE: Package [fcsmap_fcs_suite_t3473] for test node [fcsmap_fcs_suite_t3473/node] does not exist
  File "/usr/lib/python3.8/unittest/case.py", line 60, in testPartExecutor
    yield
  File "/usr/lib/python3.8/unittest/case.py", line 676, in run
    self._callTestMethod(testMethod)
  File "/usr/lib/python3.8/unittest/case.py", line 633, in _callTestMethod
    method()
  File "/opt/ros/noetic/lib/python3/dist-packages/rostest/runner.py", line 93, in fn
    self.fail(message)
  File "/usr/lib/python3.8/unittest/case.py", line 753, in fail
    raise self.failureException(msg)
--------------------------------------------------------------------------------
[Testcase: testt3474] ... FAILURE!
FAILURE: Package [fcsmap_fcs_suite_t3474] for test node [fcsmap_fcs_suite_t3474/node] does not exist
  File "/usr/lib/python3.8/unittest/case.py", line 60, in testPartExecutor
    yield
  File "/usr/lib/python3.8/unittest/case.py", line 676, in run
    self._callTestMethod(testMethod)
  File "/usr/lib/python3.8/unittest/case.py", line 633, in _callTestMethod
    method()
  File "/opt/ros/noetic/lib/python3/dist-packages/rostest/runner.py", line 93, in fn
    self.fail(message)
  File "/usr/lib/python3.8/unittest/case.py", line 753, in fail
    raise self.failureException(msg)
--------------------------------------------------------------------------------
[Testcase: testt3475] ... FAILURE!
FAILURE: Package [fcsmap_fcs_suite_t3475] for test node [fcsmap_fcs_suite_t3475/node] does not exist
  File "/usr/lib/python3.8/unittest/case.py", line 60, in testPartExecutor
    yield
  File "/usr/lib/python3.8/unittest/case.py", line 676, in run
    self._callTestMethod(testMethod)
  File "/usr/lib/python3.8/unittest/case.py", line 633, in _callTestMethod
    method()
  File "/opt/ros/noetic/lib/python3/dist-packages/rostest/runner.py", line 93, in fn
    self.fail(message)
  File "/usr/lib/python3.8/unittest/case.py", line 753, in fail
    raise self.failureException(msg)
--------------------------------------------------------------------------------
[Testcase: testt3476] ... FAILURE!
FAILURE: Package [fcsmap_fcs_suite_t3476] for test node [fcsmap_fcs_suite_t3476/node] does not exist
  File "/usr/lib/python3.8/unittest/case.py", line 60, in testPartExecutor
    yield
  File "/usr/lib/python3.8/unittest/case.py", line 676, in run
    self._callTestMethod(testMethod)
  File "/usr/lib/python3.8/unittest/case.py", line 633, in _callTestMethod
    method()
  File "/opt/ros/noetic/lib/python3/dist-packages/rostest/runner.py", line 93, in fn
    self.fail(message)
  File "/usr/lib/python3.8/unittest/case.py", line 753, in fail
    raise self.failureException(msg)
--------------------------------------------------------------------------------
[Testcase: testt3477] ... FAILURE!
FAILURE: Package [fcsmap_fcs_suite_t3477] for test node [fcsmap_fcs_suite_t3477/node] does not exist
  File "/usr/lib/python3.8/unittest/case.py", line 60, in testPartExecutor
    yield
  File "/usr/lib/python3.8/unittest/case.py", line 676, in run
    self._callTestMethod(testMethod)
  File "/usr/lib/python3.8/unittest/case.py", line 633, in _callTestMethod
    method()
  File "/opt/ros/noetic/lib/python3/dist-packages/rostest/runner.py", line 93, in fn
    self.fail(message)
  File "/usr/lib/python3.8/unittest/case.py", line 753, in fail
    raise self.failureException(msg)
--------------------------------------------------------------------------------
[Testcase: testt3478] ... FAILURE!
FAILURE: Package [fcsmap_fcs_suite_t3478] for test node [fcsmap_fcs_suite_t3478/node] does not exist
  File "/usr/lib/python3.8/unittest/case.py", line 60, in testPartExecutor
    yield
  File "/usr/lib/python3.8/unittest/case.py", line 676, in run
    self._callTestMethod(testMethod)
  File "/usr/lib/python3.8/unittest/case.py", line 633, in _callTestMethod
    method()
  File "/opt/ros/noetic/lib/python3/dist-packages/rostest/runner.py", line 93, in fn
    self.fail(message)
  File "/usr/lib/python3.8/unittest/case.py", line 753, in fail
    raise self.failureException(msg)
--------------------------------------------------------------------------------
[Testcase: testt3479] ... FAILURE!
FAILURE: Package [fcsmap_fcs_suite_t3479] for test node [fcsmap_fcs_suite_t3479/node] does not exist
  File "/usr/lib/python3.8/unittest/case.py", line 60, in testPartExecutor
    yield
  File "/usr/lib/python3.8/unittest/case.py", line 676, in run
    self._callTestMethod(testMethod)
  File "/usr/lib/python3.8/unittest/case.py", line 633, in _callTestMethod
    method()
  File "/opt/ros/noetic/lib/python3/dist-packages/rostest/runner.py", line 93, in fn
    self.fail(message)
  File "/usr/lib/python3.8/unittest/case.py", line 753, in fail
    raise self.failureException(msg)
--------------------------------------------------------------------------------
[Testcase: testt3480] ... FAILURE!
FAILURE: Package [fcsmap_fcs_suite_t3480] for test node [fcsmap_fcs_suite_t3480/node] does not exist
  File "/usr/lib/python3.8/unittest/case.py", line 60, in testPartExecutor
    yield
  File "/usr/lib/python3.8/unittest/case.py", line 676, in run
    self._callTestMethod(testMethod)
  File "/usr/lib/python3.8/unittest/case.py", line 633, in _callTestMethod
    method()
  File "/opt/ros/noetic/lib/python3/dist-packages/rostest/runner.py", line 93, in fn
    self.fail(message)
  File "/usr/lib/python3.8/unittest/case.py", line 753, in fail
    raise self.failureException(msg)
--------------------------------------------------------------------------------
[Testcase: testt3481] ... FAILURE!
FAILURE: Package [fcsmap_fcs_suite_t3481] for test node [fcsmap_fcs_suite_t3481/node] does not exist
  File "/usr/lib/python3.8/unittest/case.py", line 60, in testPartExecutor
    yield
  File "/usr/lib/python3.8/unittest/case.py", line 676, in run
    self._callTestMethod(testMethod)
  File "/usr/lib/python3.8/unittest/case.py", line 633, in _callTestMethod
    method()
  File "/opt/ros/noetic/lib/python3/dist-packages/rostest/runner.py", line 93, in fn
    self.fail(message)
  File "/usr/lib/python3.8/unittest/case.py", line 753, in fail
    raise self.failureException(msg)
--------------------------------------------------------------------------------
[Testcase: testt3482] ... FAILURE!
FAILURE: Package [fcsmap_fcs_suite_t3482] for test node [fcsmap_fcs_suite_t3482/node] does not exist
  File "/usr/lib/python3.8/unittest/case.py", line 60, in testPartExecutor
    yield
  File "/usr/lib/python3.8/unittest/case.py", line 676, in run
    self._callTestMethod(testMethod)
  File "/usr/lib/python3.8/unittest/case.py", line 633, in _callTestMethod
    method()
  File "/opt/ros/noetic/lib/python3/dist-packages/rostest/runner.py", line 93, in fn
    self.fail(message)
  File "/usr/lib/python3.8/unittest/case.py", line 753, in fail
    raise self.failureException(msg)
--------------------------------------------------------------------------------
[Testcase: testt3483] ... FAILURE!
FAILURE: Package [fcsmap_fcs_suite_t3483] for test node [fcsmap_fcs_suite_t3483/node] does not exist
  File "/usr/lib/python3.8/unittest/case.py", line 60, in testPartExecutor
    yield
  File "/usr/lib/python3.8/unittest/case.py", line 676, in run
    self._callTestMethod(testMethod)
  File "/usr/lib/python3.8/unittest/case.py", line 633, in _callTestMethod
    method()
  File "/opt/ros/noetic/lib/python3/dist-packages/rostest/runner.py", line 93, in fn
    self.fail(message)
  File "/usr/lib/python3.8/unittest/case.py", line 753, in fail
    raise self.failureException(msg)
--------------------------------------------------------------------------------
[Testcase: testt3484] ... FAILURE!
FAILURE: Package [fcsmap_fcs_suite_t3484] for test node [fcsmap_fcs_suite_t3484/node] does not exist
  File "/usr/lib/python3.8/unittest/case.py", line 60, in testPartExecutor
    yield
  File "/usr/lib/python3.8/unittest/case.py", line 676, in run
    self._callTestMethod(testMethod)
  File "/usr/lib/python3.8/unittest/case.py", line 633, in _callTestMethod
    method()
  File "/opt/ros/noetic/lib/python3/dist-packages/rostest/runner.py", line 93, in fn
    self.fail(message)
  File "/usr/lib/python3.8/unittest/case.py", line 753, in fail
    raise self.failureException(msg)
--------------------------------------------------------------------------------
[Testcase: testt3487] ... FAILURE!
FAILURE: Package [fcsmap_fcs_suite_t3487] for test node [fcsmap_fcs_suite_t3487/node] does not exist
  File "/usr/lib/python3.8/unittest/case.py", line 60, in testPartExecutor
    yield
  File "/usr/lib/python3.8/unittest/case.py", line 676, in run
    self._callTestMethod(testMethod)
  File "/usr/lib/python3.8/unittest/case.py", line 633, in _callTestMethod
    method()
  File "/opt/ros/noetic/lib/python3/dist-packages/rostest/runner.py", line 93, in fn
    self.fail(message)
  File "/usr/lib/python3.8/unittest/case.py", line 753, in fail
    raise self.failureException(msg)
--------------------------------------------------------------------------------
[Testcase: testt3488] ... FAILURE!
FAILURE: Package [fcsmap_fcs_suite_t3488] for test node [fcsmap_fcs_suite_t3488/node] does not exist
  File "/usr/lib/python3.8/unittest/case.py", line 60, in testPartExecutor
    yield
  File "/usr/lib/python3.8/unittest/case.py", line 676, in run
    self._callTestMethod(testMethod)
  File "/usr/lib/python3.8/unittest/case.py", line 633, in _callTestMethod
    method()
  File "/opt/ros/noetic/lib/python3/dist-packages/rostest/runner.py", line 93, in fn
    self.fail(message)
  File "/usr/lib/python3.8/unittest/case.py", line 753, in fail
    raise self.failureException(msg)
--------------------------------------------------------------------------------
[Testcase: testt3489] ... FAILURE!
FAILURE: Package [fcsmap_fcs_suite_t3489] for test node [fcsmap_fcs_suite_t3489/node] does not exist
  File "/usr/lib/python3.8/unittest/case.py", line 60, in testPartExecutor
    yield
  File "/usr/lib/python3.8/unittest/case.py", line 676, in run
    self._callTestMethod(testMethod)
  File "/usr/lib/python3.8/unittest/case.py", line 633, in _callTestMethod
    method()
  File "/opt/ros/noetic/lib/python3/dist-packages/rostest/runner.py", line 93, in fn
    self.fail(message)
  File "/usr/lib/python3.8/unittest/case.py", line 753, in fail
    raise self.failureException(msg)
--------------------------------------------------------------------------------
[Testcase: testt3490] ... FAILURE!
FAILURE: Package [fcsmap_fcs_suite_t3490] for test node [fcsmap_fcs_suite_t3490/node] does not exist
  File "/usr/lib/python3.8/unittest/case.py", line 60, in testPartExecutor
    yield
  File "/usr/lib/python3.8/unittest/case.py", line 676, in run
    self._callTestMethod(testMethod)
  File "/usr/lib/python3.8/unittest/case.py", line 633, in _callTestMethod
    method()
  File "/opt/ros/noetic/lib/python3/dist-packages/rostest/runner.py", line 93, in fn
    self.fail(message)
  File "/usr/lib/python3.8/unittest/case.py", line 753, in fail
    raise self.failureException(msg)
--------------------------------------------------------------------------------
[Testcase: testt3491] ... FAILURE!
FAILURE: Package [fcsmap_fcs_suite_t3491] for test node [fcsmap_fcs_suite_t3491/node] does not exist
  File "/usr/lib/python3.8/unittest/case.py", line 60, in testPartExecutor
    yield
  File "/usr/lib/python3.8/unittest/case.py", line 676, in run
    self._callTestMethod(testMethod)
  File "/usr/lib/python3.8/unittest/case.py", line 633, in _callTestMethod
    method()
  File "/opt/ros/noetic/lib/python3/dist-packages/rostest/runner.py", line 93, in fn
    self.fail(message)
  File "/usr/lib/python3.8/unittest/case.py", line 753, in fail
    raise self.failureException(msg)
--------------------------------------------------------------------------------
[Testcase: testt3492] ... FAILURE!
FAILURE: Package [fcsmap_fcs_suite_t3492] for test node [fcsmap_fcs_suite_t3492/node] does not exist
  File "/usr/lib/python3.8/unittest/case.py", line 60, in testPartExecutor
    yield
  File "/usr/lib/python3.8/unittest/case.py", line 676, in run
    self._callTestMethod(testMethod)
  File "/usr/lib/python3.8/unittest/case.py", line 633, in _callTestMethod
    method()
  File "/opt/ros/noetic/lib/python3/dist-packages/rostest/runner.py", line 93, in fn
    self.fail(message)
  File "/usr/lib/python3.8/unittest/case.py", line 753, in fail
    raise self.failureException(msg)
--------------------------------------------------------------------------------
[Testcase: testt3493] ... FAILURE!
FAILURE: Package [fcsmap_fcs_suite_t3493] for test node [fcsmap_fcs_suite_t3493/node] does not exist
  File "/usr/lib/python3.8/unittest/case.py", line 60, in testPartExecutor
    yield
  File "/usr/lib/python3.8/unittest/case.py", line 676, in run
    self._callTestMethod(testMethod)
  File "/usr/lib/python3.8/unittest/case.py", line 633, in _callTestMethod
    method()
  File "/opt/ros/noetic/lib/python3/dist-packages/rostest/runner.py", line 93, in fn
    self.fail(message)
  File "/usr/lib/python3.8/unittest/case.py", line 753, in fail
    raise self.failureException(msg)
--------------------------------------------------------------------------------
[Testcase: testt3494] ... FAILURE!
FAILURE: Package [fcsmap_fcs_suite_t3494] for test node [fcsmap_fcs_suite_t3494/node] does not exist
  File "/usr/lib/python3.8/unittest/case.py", line 60, in testPartExecutor
    yield
  File "/usr/lib/python3.8/unittest/case.py", line 676, in run
    self._callTestMethod(testMethod)
  File "/usr/lib/python3.8/unittest/case.py", line 633, in _callTestMethod
    method()
  File "/opt/ros/noetic/lib/python3/dist-packages/rostest/runner.py", line 93, in fn
    self.fail(message)
  File "/usr/lib/python3.8/unittest/case.py", line 753, in fail
    raise self.failureException(msg)
--------------------------------------------------------------------------------
[Testcase: testt3495] ... FAILURE!
FAILURE: Package [fcsmap_fcs_suite_t3495] for test node [fcsmap_fcs_suite_t3495/node] does not exist
  File "/usr/lib/python3.8/unittest/case.py", line 60, in testPartExecutor
    yield
  File "/usr/lib/python3.8/unittest/case.py", line 676, in run
    self._callTestMethod(testMethod)
  File "/usr/lib/python3.8/unittest/case.py", line 633, in _callTestMethod
    method()
  File "/opt/ros/noetic/lib/python3/dist-packages/rostest/runner.py", line 93, in fn
    self.fail(message)
  File "/usr/lib/python3.8/unittest/case.py", line 753, in fail
    raise self.failureException(msg)
--------------------------------------------------------------------------------
[Testcase: testt3496] ... FAILURE!
FAILURE: Package [fcsmap_fcs_suite_t3496] for test node [fcsmap_fcs_suite_t3496/node] does not exist
  File "/usr/lib/python3.8/unittest/case.py", line 60, in testPartExecutor
    yield
  File "/usr/lib/python3.8/unittest/case.py", line 676, in run
    self._callTestMethod(testMethod)
  File "/usr/lib/python3.8/unittest/case.py", line 633, in _callTestMethod
    method()
  File "/opt/ros/noetic/lib/python3/dist-packages/rostest/runner.py", line 93, in fn
    self.fail(message)
  File "/usr/lib/python3.8/unittest/case.py", line 753, in fail
    raise self.failureException(msg)
--------------------------------------------------------------------------------
[Testcase: testt3497] ... FAILURE!
FAILURE: Package [fcsmap_fcs_suite_t3497] for test node [fcsmap_fcs_suite_t3497/node] does not exist
  File "/usr/lib/python3.8/unittest/case.py", line 60, in testPartExecutor
    yield
  File "/usr/lib/python3.8/unittest/case.py", line 676, in run
    self._callTestMethod(testMethod)
  File "/usr/lib/python3.8/unittest/case.py", line 633, in _callTestMethod
    method()
  File "/opt/ros/noetic/lib/python3/dist-packages/rostest/runner.py", line 93, in fn
    self.fail(message)
  File "/usr/lib/python3.8/unittest/case.py", line 753, in fail
    raise self.failureException(msg)
--------------------------------------------------------------------------------
[Testcase: testt3498] ... FAILURE!
FAILURE: Package [fcsmap_fcs_suite_t3498] for test node [fcsmap_fcs_suite_t3498/node] does not exist
  File "/usr/lib/python3.8/unittest/case.py", line 60, in testPartExecutor
    yield
  File "/usr/lib/python3.8/unittest/case.py", line 676, in run
    self._callTestMethod(testMethod)
  File "/usr/lib/python3.8/unittest/case.py", line 633, in _callTestMethod
    method()
  File "/opt/ros/noetic/lib/python3/dist-packages/rostest/runner.py", line 93, in fn
    self.fail(message)
  File "/usr/lib/python3.8/unittest/case.py", line 753, in fail
    raise self.failureException(msg)
--------------------------------------------------------------------------------
[Testcase: testt3499] ... FAILURE!
FAILURE: Package [fcsmap_fcs_suite_t3499] for test node [fcsmap_fcs_suite_t3499/node] does not exist
  File "/usr/lib/python3.8/unittest/case.py", line 60, in testPartExecutor
    yield
  File "/usr/lib/python3.8/unittest/case.py", line 676, in run
    self._callTestMethod(testMethod)
  File "/usr/lib/python3.8/unittest/case.py", line 633, in _callTestMethod
    method()
  File "/opt/ros/noetic/lib/python3/dist-packages/rostest/runner.py", line 93, in fn
    self.fail(message)
  File "/usr/lib/python3.8/unittest/case.py", line 753, in fail
    raise self.failureException(msg)
--------------------------------------------------------------------------------

[ROSTEST]-----------------------------------------------------------------------

[testt3400][failed]
[testt3401][failed]
[testt3402][failed]
[testt3403][failed]
[testt3404][failed]
[testt3405][failed]
[testt3406][failed]
[testt3407][failed]
[testt3408][failed]
[testt3409][failed]
[testt3410][failed]
[testt3411][failed]
[testt3412][failed]
[testt3413][failed]
[testt3414][failed]
[testt3415][failed]
[testt3416][failed]
[testt3417][failed]
[testt3418][failed]
[testt3419][failed]
[testt3420][failed]
[testt3421][failed]
[testt3422][failed]
[testt3423][failed]
[testt3424][failed]
[testt3425][failed]
[testt3426][failed]
[testt3427][failed]
[testt3428][failed]
[testt3429][failed]
[testt3430][failed]
[testt3431][failed]
[testt3432][failed]
[testt3433][failed]
[testt3434][failed]
[testt3435][failed]
[testt3436][failed]
[testt3437][failed]
[testt3438][failed]
[testt3439][failed]
[testt3440][failed]
[testt3441][failed]
[testt3442][failed]
[testt3443][failed]
[testt3444][failed]
[testt3445][failed]
[testt3446][failed]
[testt3447][failed]
[testt3448][failed]
[testt3449][failed]
[testt3450][failed]
[testt3451][failed]
[testt3452][failed]
[testt3453][failed]
[testt3454][failed]
[testt3455][failed]
[testt3456][failed]
[testt3457][failed]
[testt3458][failed]
[testt3459][failed]
[testt3470][failed]
[testt3471][failed]
[testt3472][failed]
[testt3473][failed]
[testt3474][failed]
[testt3475][failed]
[testt3476][failed]
[testt3477][failed]
[testt3478][failed]
[testt3479][failed]
[testt3480][failed]
[testt3481][failed]
[testt3482][failed]
[testt3483][failed]
[testt3484][failed]
[testt3487][failed]
[testt3488][failed]
[testt3489][failed]
[testt3490][failed]
[testt3491][failed]
[testt3492][failed]
[testt3493][failed]
[testt3494][failed]
[testt3495][failed]
[testt3496][failed]
[testt3497][failed]
[testt3498][failed]
[testt3499][failed]

SUMMARY
 * RESULT: FAIL
 * TESTS: 0
 * ERRORS: 0
 * FAILURES: 88

ERROR: The following tests failed to run:
 * testt3400
 * testt3401
 * testt3402
 * testt3403
 * testt3404
 * testt3405
 * testt3406
 * testt3407
 * testt3408
 * testt3409
 * testt3410
 * testt3411
 * testt3412
 * testt3413
 * testt3414
 * testt3415
 * testt3416
 * testt3417
 * testt3418
 * testt3419
 * testt3420
 * testt3421
 * testt3422
 * testt3423
 * testt3424
 * testt3425
 * testt3426
 * testt3427
 * testt3428
 * testt3429
 * testt3430
 * testt3431
 * testt3432
 * testt3433
 * testt3434
 * testt3435
 * testt3436
 * testt3437
 * testt3438
 * testt3439
 * testt3440
 * testt3441
 * testt3442
 * testt3443
 * testt3444
 * testt3445
 * testt3446
 * testt3447
 * testt3448
 * testt3449
 * testt3450
 * testt3451
 * testt3452
 * testt3453
 * testt3454
 * testt3455
 * testt3456
 * testt3457
 * testt3458
 * testt3459
 * testt3470
 * testt3471
 * testt3472
 * testt3473
 * testt3474
 * testt3475
 * testt3476
 * testt3477
 * testt3478
 * testt3479
 * testt3480
 * testt3481
 * testt3482
 * testt3483
 * testt3484
 * testt3487
 * testt3488
 * testt3489
 * testt3490
 * testt3491
 * testt3492
 * testt3493
 * testt3494
 * testt3495
 * testt3496
 * testt3497
 * testt3498
 * testt3499

rostest log file is in /home/pedro/.ros/log/rostest-noetic-965716.log
